<?xml version="1.0" encoding="UTF-8"?>
<coverage generated="1781988010310" clover="3.2.0">
  <project timestamp="1781988010310" name="All files">
    <metrics statements="402" coveredstatements="357" conditionals="288" coveredconditionals="234" methods="154" coveredmethods="130" elements="844" coveredelements="721" complexity="0" loc="402" ncloc="402" packages="11" files="20" classes="20"/>
    <package name="src">
      <metrics statements="4" coveredstatements="0" conditionals="0" coveredconditionals="0" methods="2" coveredmethods="0"/>
      <file name="App.jsx" path="C:\Users\Abrah\Downloads\RedNorte (1)\RedNorte\Fullstack-RedNorte-develop\Front-RedNorte\src\App.jsx">
        <metrics statements="2" coveredstatements="0" conditionals="0" coveredconditionals="0" methods="2" coveredmethods="0"/>
        <line num="13" count="0" type="stmt"/>
        <line num="26" count="0" type="stmt"/>
      </file>
      <file name="index.js" path="C:\Users\Abrah\Downloads\RedNorte (1)\RedNorte\Fullstack-RedNorte-develop\Front-RedNorte\src\index.js">
        <metrics statements="2" coveredstatements="0" conditionals="0" coveredconditionals="0" methods="0" coveredmethods="0"/>
        <line num="6" count="0" type="stmt"/>
        <line num="7" count="0" type="stmt"/>
      </file>
    </package>
    <package name="src.components.layout">
      <metrics statements="14" coveredstatements="0" conditionals="14" coveredconditionals="0" methods="8" coveredmethods="0"/>
      <file name="PageWrapper.jsx" path="C:\Users\Abrah\Downloads\RedNorte (1)\RedNorte\Fullstack-RedNorte-develop\Front-RedNorte\src\components\layout\PageWrapper.jsx">
        <metrics statements="1" coveredstatements="0" conditionals="0" coveredconditionals="0" methods="1" coveredmethods="0"/>
        <line num="4" count="0" type="stmt"/>
      </file>
      <file name="Topbar.jsx" path="C:\Users\Abrah\Downloads\RedNorte (1)\RedNorte\Fullstack-RedNorte-develop\Front-RedNorte\src\components\layout\Topbar.jsx">
        <metrics statements="13" coveredstatements="0" conditionals="14" coveredconditionals="0" methods="7" coveredmethods="0"/>
        <line num="4" count="0" type="stmt"/>
        <line num="22" count="0" type="stmt"/>
        <line num="23" count="0" type="stmt"/>
        <line num="24" count="0" type="cond" truecount="0" falsecount="2"/>
        <line num="26" count="0" type="cond" truecount="0" falsecount="2"/>
        <line num="27" count="0" type="stmt"/>
        <line num="29" count="0" type="stmt"/>
        <line num="33" count="0" type="stmt"/>
        <line num="34" count="0" type="stmt"/>
        <line num="37" count="0" type="stmt"/>
        <line num="66" count="0" type="stmt"/>
        <line num="69" count="0" type="stmt"/>
        <line num="70" count="0" type="stmt"/>
      </file>
    </package>
    <package name="src.components.ui">
      <metrics statements="21" coveredstatements="21" conditionals="39" coveredconditionals="34" methods="12" coveredmethods="12"/>
      <file name="index.jsx" path="C:\Users\Abrah\Downloads\RedNorte (1)\RedNorte\Fullstack-RedNorte-develop\Front-RedNorte\src\components\ui\index.jsx">
        <metrics statements="21" coveredstatements="21" conditionals="39" coveredconditionals="34" methods="12" coveredmethods="12"/>
        <line num="3" count="301" type="stmt"/>
        <line num="10" count="301" type="cond" truecount="1" falsecount="1"/>
        <line num="11" count="301" type="stmt"/>
        <line num="24" count="208" type="stmt"/>
        <line num="58" count="49" type="stmt"/>
        <line num="65" count="49" type="cond" truecount="2" falsecount="0"/>
        <line num="66" count="49" type="stmt"/>
        <line num="71" count="41" type="stmt"/>
        <line num="72" count="41" type="stmt"/>
        <line num="82" count="96" type="stmt"/>
        <line num="83" count="96" type="stmt"/>
        <line num="84" count="96" type="stmt"/>
        <line num="90" count="96" type="stmt"/>
        <line num="96" count="96" type="stmt"/>
        <line num="105" count="122" type="stmt"/>
        <line num="127" count="4" type="stmt"/>
        <line num="138" count="26" type="stmt"/>
        <line num="153" count="34" type="stmt"/>
        <line num="156" count="170" type="stmt"/>
        <line num="158" count="3" type="stmt"/>
        <line num="179" count="67" type="stmt"/>
      </file>
    </package>
    <package name="src.context">
      <metrics statements="32" coveredstatements="32" conditionals="12" coveredconditionals="11" methods="14" coveredmethods="14"/>
      <file name="AuthContext.jsx" path="C:\Users\Abrah\Downloads\RedNorte (1)\RedNorte\Fullstack-RedNorte-develop\Front-RedNorte\src\context\AuthContext.jsx">
        <metrics statements="15" coveredstatements="15" conditionals="6" coveredconditionals="6" methods="5" coveredmethods="5"/>
        <line num="3" count="1" type="stmt"/>
        <line num="5" count="1" type="stmt"/>
        <line num="12" count="8" type="stmt"/>
        <line num="13" count="5" type="stmt"/>
        <line num="14" count="5" type="cond" truecount="2" falsecount="0"/>
        <line num="17" count="8" type="stmt"/>
        <line num="18" count="2" type="stmt"/>
        <line num="19" count="2" type="stmt"/>
        <line num="22" count="8" type="stmt"/>
        <line num="23" count="1" type="stmt"/>
        <line num="24" count="1" type="stmt"/>
        <line num="27" count="8" type="stmt"/>
        <line num="41" count="13" type="stmt"/>
        <line num="42" count="12" type="cond" truecount="2" falsecount="0"/>
        <line num="43" count="8" type="stmt"/>
      </file>
      <file name="DataContext.jsx" path="C:\Users\Abrah\Downloads\RedNorte (1)\RedNorte\Fullstack-RedNorte-develop\Front-RedNorte\src\context\DataContext.jsx">
        <metrics statements="17" coveredstatements="17" conditionals="6" coveredconditionals="5" methods="9" coveredmethods="9"/>
        <line num="3" count="1" type="stmt"/>
        <line num="6" count="1" type="stmt"/>
        <line num="7" count="1" type="stmt"/>
        <line num="10" count="12" type="stmt"/>
        <line num="11" count="12" type="stmt"/>
        <line num="14" count="1" type="stmt"/>
        <line num="19" count="1" type="stmt"/>
        <line num="20" count="1" type="stmt"/>
        <line num="24" count="4" type="stmt"/>
        <line num="32" count="4" type="stmt"/>
        <line num="33" count="4" type="stmt"/>
        <line num="37" count="1" type="stmt"/>
        <line num="38" count="1" type="cond" truecount="1" falsecount="1"/>
        <line num="42" count="12" type="stmt"/>
        <line num="56" count="17" type="stmt"/>
        <line num="57" count="16" type="cond" truecount="2" falsecount="0"/>
        <line num="58" count="12" type="stmt"/>
      </file>
    </package>
    <package name="src.pages.admin">
      <metrics statements="61" coveredstatements="53" conditionals="20" coveredconditionals="17" methods="25" coveredmethods="19"/>
      <file name="AdminDashboard.jsx" path="C:\Users\Abrah\Downloads\RedNorte (1)\RedNorte\Fullstack-RedNorte-develop\Front-RedNorte\src\pages\admin\AdminDashboard.jsx">
        <metrics statements="42" coveredstatements="34" conditionals="8" coveredconditionals="7" methods="19" coveredmethods="13"/>
        <line num="9" count="16" type="stmt"/>
        <line num="13" count="16" type="stmt"/>
        <line num="15" count="16" type="stmt"/>
        <line num="16" count="1" type="stmt"/>
        <line num="17" count="1" type="stmt"/>
        <line num="18" count="1" type="stmt"/>
        <line num="19" count="1" type="stmt"/>
        <line num="22" count="16" type="stmt"/>
        <line num="24" count="16" type="stmt"/>
        <line num="29" count="12" type="stmt"/>
        <line num="30" count="0" type="stmt"/>
        <line num="31" count="0" type="stmt"/>
        <line num="32" count="0" type="stmt"/>
        <line num="34" count="0" type="stmt"/>
        <line num="35" count="0" type="stmt"/>
        <line num="37" count="0" type="stmt"/>
        <line num="53" count="18" type="stmt"/>
        <line num="54" count="18" type="stmt"/>
        <line num="55" count="18" type="stmt"/>
        <line num="57" count="18" type="stmt"/>
        <line num="59" count="18" type="stmt"/>
        <line num="60" count="8" type="stmt"/>
        <line num="61" count="8" type="stmt"/>
        <line num="62" count="8" type="stmt"/>
        <line num="63" count="8" type="stmt"/>
        <line num="64" count="8" type="cond" truecount="1" falsecount="1"/>
        <line num="66" count="0" type="stmt"/>
        <line num="68" count="8" type="stmt"/>
        <line num="72" count="18" type="stmt"/>
        <line num="73" count="1" type="stmt"/>
        <line num="74" count="1" type="stmt"/>
        <line num="75" count="1" type="stmt"/>
        <line num="76" count="1" type="stmt"/>
        <line num="77" count="0" type="stmt"/>
        <line num="80" count="18" type="stmt"/>
        <line num="82" count="44" type="stmt"/>
        <line num="83" count="44" type="stmt"/>
        <line num="84" count="44" type="stmt"/>
        <line num="87" count="18" type="stmt"/>
        <line num="89" count="1" type="cond" truecount="2" falsecount="0"/>
        <line num="94" count="3" type="stmt"/>
        <line num="120" count="44" type="stmt"/>
      </file>
      <file name="AdminUsuarios.jsx" path="C:\Users\Abrah\Downloads\RedNorte (1)\RedNorte\Fullstack-RedNorte-develop\Front-RedNorte\src\pages\admin\AdminUsuarios.jsx">
        <metrics statements="19" coveredstatements="19" conditionals="12" coveredconditionals="10" methods="6" coveredmethods="6"/>
        <line num="7" count="64" type="stmt"/>
        <line num="8" count="64" type="stmt"/>
        <line num="9" count="64" type="stmt"/>
        <line num="10" count="64" type="stmt"/>
        <line num="11" count="64" type="stmt"/>
        <line num="14" count="3" type="stmt"/>
        <line num="15" count="3" type="stmt"/>
        <line num="16" count="3" type="stmt"/>
        <line num="17" count="3" type="stmt"/>
        <line num="18" count="3" type="stmt"/>
        <line num="19" count="2" type="stmt"/>
        <line num="21" count="2" type="stmt"/>
        <line num="23" count="2" type="stmt"/>
        <line num="24" count="2" type="cond" truecount="1" falsecount="1"/>
        <line num="27" count="1" type="cond" truecount="1" falsecount="1"/>
        <line num="29" count="3" type="stmt"/>
        <line num="33" count="64" type="stmt"/>
        <line num="83" count="32" type="stmt"/>
        <line num="103" count="22" type="stmt"/>
      </file>
    </package>
    <package name="src.pages.auth">
      <metrics statements="32" coveredstatements="30" conditionals="27" coveredconditionals="23" methods="6" coveredmethods="6"/>
      <file name="LoginPage.jsx" path="C:\Users\Abrah\Downloads\RedNorte (1)\RedNorte\Fullstack-RedNorte-develop\Front-RedNorte\src\pages\auth\LoginPage.jsx">
        <metrics statements="32" coveredstatements="30" conditionals="27" coveredconditionals="23" methods="6" coveredmethods="6"/>
        <line num="7" count="152" type="stmt"/>
        <line num="8" count="152" type="stmt"/>
        <line num="9" count="152" type="stmt"/>
        <line num="10" count="152" type="stmt"/>
        <line num="11" count="152" type="stmt"/>
        <line num="14" count="7" type="stmt"/>
        <line num="15" count="7" type="stmt"/>
        <line num="16" count="7" type="stmt"/>
        <line num="18" count="7" type="stmt"/>
        <line num="19" count="7" type="stmt"/>
        <line num="21" count="7" type="stmt"/>
        <line num="26" count="7" type="stmt"/>
        <line num="27" count="6" type="cond" truecount="2" falsecount="0"/>
        <line num="29" count="6" type="stmt"/>
        <line num="31" count="6" type="cond" truecount="4" falsecount="0"/>
        <line num="32" count="1" type="stmt"/>
        <line num="35" count="5" type="cond" truecount="4" falsecount="0"/>
        <line num="36" count="4" type="cond" truecount="1" falsecount="1"/>
        <line num="39" count="5" type="stmt"/>
        <line num="41" count="5" type="stmt"/>
        <line num="47" count="5" type="stmt"/>
        <line num="48" count="5" type="cond" truecount="1" falsecount="1"/>
        <line num="49" count="5" type="stmt"/>
        <line num="50" count="5" type="stmt"/>
        <line num="52" count="0" type="stmt"/>
        <line num="53" count="0" type="stmt"/>
        <line num="57" count="2" type="stmt"/>
        <line num="58" count="2" type="cond" truecount="2" falsecount="1"/>
        <line num="60" count="7" type="cond" truecount="1" falsecount="1"/>
        <line num="64" count="152" type="stmt"/>
        <line num="115" count="92" type="stmt"/>
        <line num="136" count="41" type="stmt"/>
      </file>
    </package>
    <package name="src.pages.home">
      <metrics statements="23" coveredstatements="19" conditionals="22" coveredconditionals="16" methods="16" coveredmethods="11"/>
      <file name="HomePage.jsx" path="C:\Users\Abrah\Downloads\RedNorte (1)\RedNorte\Fullstack-RedNorte-develop\Front-RedNorte\src\pages\home\HomePage.jsx">
        <metrics statements="23" coveredstatements="19" conditionals="22" coveredconditionals="16" methods="16" coveredmethods="11"/>
        <line num="5" count="1" type="stmt"/>
        <line num="12" count="1" type="stmt"/>
        <line num="75" count="1" type="stmt"/>
        <line num="84" count="10" type="stmt"/>
        <line num="85" count="10" type="stmt"/>
        <line num="86" count="10" type="stmt"/>
        <line num="88" count="10" type="stmt"/>
        <line num="89" count="10" type="stmt"/>
        <line num="90" count="10" type="stmt"/>
        <line num="91" count="10" type="stmt"/>
        <line num="94" count="10" type="stmt"/>
        <line num="124" count="1" type="stmt"/>
        <line num="193" count="1" type="stmt"/>
        <line num="201" count="1" type="stmt"/>
        <line num="202" count="0" type="stmt"/>
        <line num="235" count="40" type="stmt"/>
        <line num="265" count="60" type="stmt"/>
        <line num="270" count="0" type="stmt"/>
        <line num="271" count="0" type="stmt"/>
        <line num="307" count="40" type="stmt"/>
        <line num="360" count="30" type="stmt"/>
        <line num="377" count="1" type="stmt"/>
        <line num="409" count="0" type="stmt"/>
      </file>
    </package>
    <package name="src.pages.medico">
      <metrics statements="107" coveredstatements="99" conditionals="90" coveredconditionals="76" methods="34" coveredmethods="34"/>
      <file name="MedicoDashboard.jsx" path="C:\Users\Abrah\Downloads\RedNorte (1)\RedNorte\Fullstack-RedNorte-develop\Front-RedNorte\src\pages\medico\MedicoDashboard.jsx">
        <metrics statements="107" coveredstatements="99" conditionals="90" coveredconditionals="76" methods="34" coveredmethods="34"/>
        <line num="11" count="1" type="stmt"/>
        <line num="19" count="1" type="stmt"/>
        <line num="25" count="1" type="stmt"/>
        <line num="27" count="1" type="stmt"/>
        <line num="34" count="37" type="stmt"/>
        <line num="35" count="37" type="stmt"/>
        <line num="36" count="37" type="stmt"/>
        <line num="39" count="33" type="stmt"/>
        <line num="40" count="33" type="stmt"/>
        <line num="44" count="2" type="stmt"/>
        <line num="45" count="2" type="cond" truecount="2" falsecount="0"/>
        <line num="46" count="2" type="cond" truecount="2" falsecount="0"/>
        <line num="47" count="2" type="cond" truecount="2" falsecount="0"/>
        <line num="48" count="2" type="cond" truecount="2" falsecount="0"/>
        <line num="49" count="2" type="stmt"/>
        <line num="53" count="2" type="stmt"/>
        <line num="54" count="2" type="stmt"/>
        <line num="55" count="2" type="cond" truecount="2" falsecount="0"/>
        <line num="56" count="1" type="stmt"/>
        <line num="57" count="1" type="stmt"/>
        <line num="58" count="1" type="stmt"/>
        <line num="59" count="1" type="stmt"/>
        <line num="62" count="111" type="stmt"/>
        <line num="70" count="37" type="stmt"/>
        <line num="105" count="12" type="stmt"/>
        <line num="113" count="1" type="stmt"/>
        <line num="115" count="444" type="stmt"/>
        <line num="124" count="19" type="stmt"/>
        <line num="132" count="111" type="stmt"/>
        <line num="133" count="111" type="stmt"/>
        <line num="134" count="111" type="stmt"/>
        <line num="135" count="111" type="stmt"/>
        <line num="136" count="1" type="cond" truecount="8" falsecount="0"/>
        <line num="160" count="28" type="stmt"/>
        <line num="161" count="28" type="stmt"/>
        <line num="164" count="2" type="stmt"/>
        <line num="165" count="2" type="cond" truecount="2" falsecount="0"/>
        <line num="166" count="1" type="stmt"/>
        <line num="167" count="1" type="stmt"/>
        <line num="169" count="1" type="stmt"/>
        <line num="170" count="1" type="stmt"/>
        <line num="173" count="28" type="stmt"/>
        <line num="192" count="25" type="stmt"/>
        <line num="216" count="34" type="stmt"/>
        <line num="217" count="34" type="stmt"/>
        <line num="218" count="34" type="stmt"/>
        <line num="220" count="34" type="stmt"/>
        <line num="221" count="34" type="stmt"/>
        <line num="222" count="34" type="stmt"/>
        <line num="223" count="34" type="stmt"/>
        <line num="225" count="34" type="stmt"/>
        <line num="232" count="34" type="stmt"/>
        <line num="233" count="10" type="stmt"/>
        <line num="236" count="34" type="stmt"/>
        <line num="237" count="13" type="stmt"/>
        <line num="238" count="13" type="stmt"/>
        <line num="239" count="13" type="stmt"/>
        <line num="241" count="13" type="stmt"/>
        <line num="246" count="12" type="cond" truecount="3" falsecount="1"/>
        <line num="247" count="12" type="stmt"/>
        <line num="248" count="0" type="cond" truecount="0" falsecount="2"/>
        <line num="249" count="0" type="stmt"/>
        <line num="251" count="0" type="stmt"/>
        <line num="254" count="12" type="cond" truecount="1" falsecount="1"/>
        <line num="257" count="1" type="stmt"/>
        <line num="258" count="1" type="stmt"/>
        <line num="260" count="13" type="stmt"/>
        <line num="264" count="34" type="stmt"/>
        <line num="265" count="1" type="stmt"/>
        <line num="266" count="1" type="stmt"/>
        <line num="267" count="1" type="stmt"/>
        <line num="268" count="1" type="stmt"/>
        <line num="270" count="0" type="stmt"/>
        <line num="271" count="0" type="stmt"/>
        <line num="275" count="34" type="stmt"/>
        <line num="276" count="1" type="stmt"/>
        <line num="277" count="1" type="stmt"/>
        <line num="278" count="1" type="stmt"/>
        <line num="279" count="1" type="stmt"/>
        <line num="281" count="0" type="stmt"/>
        <line num="285" count="34" type="stmt"/>
        <line num="286" count="1" type="stmt"/>
        <line num="287" count="1" type="stmt"/>
        <line num="289" count="1" type="stmt"/>
        <line num="296" count="1" type="stmt"/>
        <line num="298" count="1" type="stmt"/>
        <line num="299" count="1" type="stmt"/>
        <line num="300" count="1" type="stmt"/>
        <line num="302" count="0" type="stmt"/>
        <line num="303" count="0" type="stmt"/>
        <line num="305" count="1" type="stmt"/>
        <line num="309" count="34" type="stmt"/>
        <line num="310" count="45" type="cond" truecount="2" falsecount="0"/>
        <line num="313" count="34" type="stmt"/>
        <line num="314" count="47" type="cond" truecount="2" falsecount="0"/>
        <line num="315" count="46" type="stmt"/>
        <line num="318" count="34" type="stmt"/>
        <line num="322" count="1" type="stmt"/>
        <line num="329" count="1" type="stmt"/>
        <line num="337" count="2" type="stmt"/>
        <line num="364" count="154" type="stmt"/>
        <line num="370" count="41" type="stmt"/>
        <line num="372" count="3" type="cond" truecount="1" falsecount="1"/>
        <line num="400" count="12" type="stmt"/>
        <line num="416" count="30" type="stmt"/>
        <line num="424" count="1" type="stmt"/>
        <line num="425" count="2" type="stmt"/>
      </file>
    </package>
    <package name="src.pages.paciente">
      <metrics statements="38" coveredstatements="36" conditionals="44" coveredconditionals="39" methods="5" coveredmethods="5"/>
      <file name="PacientePortal.jsx" path="C:\Users\Abrah\Downloads\RedNorte (1)\RedNorte\Fullstack-RedNorte-develop\Front-RedNorte\src\pages\paciente\PacientePortal.jsx">
        <metrics statements="38" coveredstatements="36" conditionals="44" coveredconditionals="39" methods="5" coveredmethods="5"/>
        <line num="9" count="4" type="stmt"/>
        <line num="10" count="4" type="stmt"/>
        <line num="18" count="15" type="stmt"/>
        <line num="19" count="15" type="stmt"/>
        <line num="20" count="15" type="stmt"/>
        <line num="21" count="15" type="stmt"/>
        <line num="24" count="15" type="stmt"/>
        <line num="25" count="8" type="cond" truecount="2" falsecount="0"/>
        <line num="26" count="7" type="stmt"/>
        <line num="28" count="1" type="stmt"/>
        <line num="32" count="15" type="stmt"/>
        <line num="33" count="7" type="stmt"/>
        <line num="34" count="7" type="stmt"/>
        <line num="35" count="7" type="stmt"/>
        <line num="36" count="7" type="stmt"/>
        <line num="38" count="7" type="stmt"/>
        <line num="39" count="6" type="stmt"/>
        <line num="42" count="6" type="stmt"/>
        <line num="44" count="6" type="cond" truecount="2" falsecount="0"/>
        <line num="46" count="3" type="stmt"/>
        <line num="47" count="3" type="cond" truecount="3" falsecount="1"/>
        <line num="49" count="0" type="stmt"/>
        <line num="50" count="3" type="cond" truecount="5" falsecount="0"/>
        <line num="52" count="1" type="stmt"/>
        <line num="53" count="2" type="cond" truecount="4" falsecount="1"/>
        <line num="55" count="0" type="stmt"/>
        <line num="56" count="2" type="cond" truecount="6" falsecount="0"/>
        <line num="58" count="1" type="stmt"/>
        <line num="61" count="6" type="cond" truecount="2" falsecount="0"/>
        <line num="62" count="5" type="stmt"/>
        <line num="63" count="5" type="stmt"/>
        <line num="65" count="1" type="stmt"/>
        <line num="66" count="1" type="stmt"/>
        <line num="70" count="1" type="stmt"/>
        <line num="71" count="1" type="stmt"/>
        <line num="73" count="7" type="stmt"/>
        <line num="77" count="15" type="stmt"/>
        <line num="103" count="8" type="stmt"/>
      </file>
    </package>
    <package name="src.router">
      <metrics statements="9" coveredstatements="9" conditionals="10" coveredconditionals="9" methods="2" coveredmethods="2"/>
      <file name="Guards.jsx" path="C:\Users\Abrah\Downloads\RedNorte (1)\RedNorte\Fullstack-RedNorte-develop\Front-RedNorte\src\router\Guards.jsx">
        <metrics statements="9" coveredstatements="9" conditionals="10" coveredconditionals="9" methods="2" coveredmethods="2"/>
        <line num="5" count="3" type="stmt"/>
        <line num="7" count="3" type="cond" truecount="2" falsecount="0"/>
        <line num="9" count="2" type="cond" truecount="4" falsecount="0"/>
        <line num="10" count="1" type="stmt"/>
        <line num="13" count="1" type="stmt"/>
        <line num="17" count="4" type="stmt"/>
        <line num="18" count="4" type="cond" truecount="2" falsecount="0"/>
        <line num="20" count="3" type="stmt"/>
        <line num="25" count="3" type="cond" truecount="1" falsecount="1"/>
      </file>
    </package>
    <package name="src.services">
      <metrics statements="61" coveredstatements="58" conditionals="10" coveredconditionals="9" methods="30" coveredmethods="27"/>
      <file name="api.js" path="C:\Users\Abrah\Downloads\RedNorte (1)\RedNorte\Fullstack-RedNorte-develop\Front-RedNorte\src\services\api.js">
        <metrics statements="16" coveredstatements="15" conditionals="10" coveredconditionals="9" methods="2" coveredmethods="1"/>
        <line num="5" count="1" type="stmt"/>
        <line num="13" count="1" type="stmt"/>
        <line num="14" count="5" type="stmt"/>
        <line num="17" count="5" type="stmt"/>
        <line num="20" count="5" type="cond" truecount="2" falsecount="0"/>
        <line num="21" count="4" type="stmt"/>
        <line num="22" count="4" type="cond" truecount="2" falsecount="0"/>
        <line num="23" count="3" type="stmt"/>
        <line num="24" count="3" type="stmt"/>
        <line num="25" count="2" type="cond" truecount="2" falsecount="0"/>
        <line num="27" count="1" type="stmt"/>
        <line num="33" count="5" type="cond" truecount="2" falsecount="0"/>
        <line num="34" count="3" type="stmt"/>
        <line num="37" count="2" type="stmt"/>
        <line num="40" count="5" type="stmt"/>
        <line num="42" count="0" type="stmt"/>
      </file>
      <file name="dashboardService.js" path="C:\Users\Abrah\Downloads\RedNorte (1)\RedNorte\Fullstack-RedNorte-develop\Front-RedNorte\src\services\dashboardService.js">
        <metrics statements="6" coveredstatements="6" conditionals="0" coveredconditionals="0" methods="1" coveredmethods="1"/>
        <line num="3" count="1" type="stmt"/>
        <line num="4" count="2" type="stmt"/>
        <line num="9" count="2" type="stmt"/>
        <line num="10" count="1" type="stmt"/>
        <line num="12" count="1" type="stmt"/>
        <line num="13" count="1" type="stmt"/>
      </file>
      <file name="index.js" path="C:\Users\Abrah\Downloads\RedNorte (1)\RedNorte\Fullstack-RedNorte-develop\Front-RedNorte\src\services\index.js">
        <metrics statements="25" coveredstatements="23" conditionals="0" coveredconditionals="0" methods="20" coveredmethods="18"/>
        <line num="4" count="1" type="stmt"/>
        <line num="6" count="1" type="stmt"/>
        <line num="7" count="1" type="stmt"/>
        <line num="8" count="1" type="stmt"/>
        <line num="9" count="1" type="stmt"/>
        <line num="10" count="1" type="stmt"/>
        <line num="11" count="1" type="stmt"/>
        <line num="14" count="1" type="stmt"/>
        <line num="18" count="1" type="stmt"/>
        <line num="20" count="1" type="stmt"/>
        <line num="21" count="0" type="stmt"/>
        <line num="22" count="1" type="stmt"/>
        <line num="23" count="1" type="stmt"/>
        <line num="24" count="1" type="stmt"/>
        <line num="28" count="1" type="stmt"/>
        <line num="30" count="1" type="stmt"/>
        <line num="31" count="1" type="stmt"/>
        <line num="34" count="1" type="stmt"/>
        <line num="36" count="1" type="stmt"/>
        <line num="37" count="0" type="stmt"/>
        <line num="38" count="1" type="stmt"/>
        <line num="42" count="1" type="stmt"/>
        <line num="46" count="1" type="stmt"/>
        <line num="49" count="1" type="stmt"/>
        <line num="50" count="1" type="stmt"/>
      </file>
      <file name="listaEsperaService.js" path="C:\Users\Abrah\Downloads\RedNorte (1)\RedNorte\Fullstack-RedNorte-develop\Front-RedNorte\src\services\listaEsperaService.js">
        <metrics statements="5" coveredstatements="5" conditionals="0" coveredconditionals="0" methods="4" coveredmethods="4"/>
        <line num="3" count="1" type="stmt"/>
        <line num="8" count="1" type="stmt"/>
        <line num="11" count="1" type="stmt"/>
        <line num="14" count="1" type="stmt"/>
        <line num="17" count="1" type="stmt"/>
      </file>
      <file name="pacienteService.js" path="C:\Users\Abrah\Downloads\RedNorte (1)\RedNorte\Fullstack-RedNorte-develop\Front-RedNorte\src\services\pacienteService.js">
        <metrics statements="6" coveredstatements="6" conditionals="0" coveredconditionals="0" methods="1" coveredmethods="1"/>
        <line num="3" count="1" type="stmt"/>
        <line num="4" count="2" type="stmt"/>
        <line num="9" count="2" type="stmt"/>
        <line num="10" count="1" type="stmt"/>
        <line num="12" count="1" type="stmt"/>
        <line num="13" count="1" type="stmt"/>
      </file>
      <file name="usuarioService.js" path="C:\Users\Abrah\Downloads\RedNorte (1)\RedNorte\Fullstack-RedNorte-develop\Front-RedNorte\src\services\usuarioService.js">
        <metrics statements="3" coveredstatements="3" conditionals="0" coveredconditionals="0" methods="2" coveredmethods="2"/>
        <line num="3" count="1" type="stmt"/>
        <line num="7" count="1" type="stmt"/>
        <line num="11" count="1" type="stmt"/>
      </file>
    </package>
  </project>
</coverage>
