TN:
SF:src\App.jsx
FN:12,SinAcceso
FN:25,App
FNF:2
FNH:0
FNDA:0,SinAcceso
FNDA:0,App
DA:13,0
DA:26,0
LF:2
LH:0
BRF:0
BRH:0
end_of_record
TN:
SF:src\index.js
FNF:0
FNH:0
DA:6,0
DA:7,0
LF:2
LH:0
BRF:0
BRH:0
end_of_record
TN:
SF:src\components\layout\PageWrapper.jsx
FN:3,PageWrapper
FNF:1
FNH:0
FNDA:0,PageWrapper
DA:4,0
LF:1
LH:0
BRF:0
BRH:0
end_of_record
TN:
SF:src\components\layout\Topbar.jsx
FN:21,Topbar
FN:27,(anonymous_1)
FN:29,(anonymous_2)
FN:32,handleLogout
FN:65,(anonymous_4)
FN:69,(anonymous_5)
FN:70,(anonymous_6)
FNF:7
FNH:0
FNDA:0,Topbar
FNDA:0,(anonymous_1)
FNDA:0,(anonymous_2)
FNDA:0,handleLogout
FNDA:0,(anonymous_4)
FNDA:0,(anonymous_5)
FNDA:0,(anonymous_6)
DA:4,0
DA:22,0
DA:23,0
DA:24,0
DA:26,0
DA:27,0
DA:29,0
DA:33,0
DA:34,0
DA:37,0
DA:66,0
DA:69,0
DA:70,0
LF:13
LH:0
BRDA:24,0,0,0
BRDA:24,0,1,0
BRDA:26,1,0,0
BRDA:26,1,1,0
BRDA:28,2,0,0
BRDA:28,2,1,0
BRDA:71,3,0,0
BRDA:71,3,1,0
BRDA:73,4,0,0
BRDA:73,4,1,0
BRDA:74,5,0,0
BRDA:74,5,1,0
BRDA:117,6,0,0
BRDA:117,6,1,0
BRF:14
BRH:0
end_of_record
TN:
SF:src\components\ui\index.jsx
FN:2,Badge
FN:23,MetricCard
FN:57,StatusPill
FN:70,PriorityDot
FN:81,Button
FN:104,Card
FN:126,EmptyState
FN:137,LoadingSpinner
FN:152,FilterPills
FN:155,(anonymous_9)
FN:158,(anonymous_10)
FN:178,PageHeader
FNF:12
FNH:12
FNDA:301,Badge
FNDA:208,MetricCard
FNDA:49,StatusPill
FNDA:41,PriorityDot
FNDA:96,Button
FNDA:122,Card
FNDA:4,EmptyState
FNDA:26,LoadingSpinner
FNDA:34,FilterPills
FNDA:170,(anonymous_9)
FNDA:3,(anonymous_10)
FNDA:67,PageHeader
DA:3,301
DA:10,301
DA:11,301
DA:24,208
DA:58,49
DA:65,49
DA:66,49
DA:71,41
DA:72,41
DA:82,96
DA:83,96
DA:84,96
DA:90,96
DA:96,96
DA:105,122
DA:127,4
DA:138,26
DA:153,34
DA:156,170
DA:158,3
DA:179,67
LF:21
LH:21
BRDA:2,0,0,44
BRDA:10,1,0,301
BRDA:10,1,1,0
BRDA:23,2,0,72
BRDA:40,3,0,208
BRDA:40,3,1,208
BRDA:42,4,0,208
BRDA:42,4,1,72
BRDA:65,5,0,49
BRDA:65,5,1,20
BRDA:74,6,0,41
BRDA:74,6,1,0
BRDA:81,7,0,74
BRDA:81,8,0,84
BRDA:81,9,0,80
BRDA:85,10,0,1
BRDA:85,10,1,95
BRDA:88,11,0,1
BRDA:88,11,1,95
BRDA:104,12,0,122
BRDA:111,13,0,122
BRDA:111,13,1,26
BRDA:111,13,2,96
BRDA:116,14,0,96
BRDA:116,14,1,96
BRDA:126,15,0,0
BRDA:126,16,0,0
BRDA:131,17,0,4
BRDA:131,17,1,4
BRDA:161,18,0,34
BRDA:161,18,1,136
BRDA:162,19,0,34
BRDA:162,19,1,136
BRDA:163,20,0,34
BRDA:163,20,1,136
BRDA:168,21,0,170
BRDA:168,21,1,0
BRDA:185,22,0,67
BRDA:185,22,1,67
BRF:39
BRH:34
end_of_record
TN:
SF:src\context\AuthContext.jsx
FN:11,AuthProvider
FN:12,(anonymous_1)
FN:17,(anonymous_2)
FN:22,(anonymous_3)
FN:40,useAuth
FNF:5
FNH:5
FNDA:8,AuthProvider
FNDA:5,(anonymous_1)
FNDA:2,(anonymous_2)
FNDA:1,(anonymous_3)
FNDA:13,useAuth
DA:3,1
DA:5,1
DA:12,8
DA:13,5
DA:14,5
DA:17,8
DA:18,2
DA:19,2
DA:22,8
DA:23,1
DA:24,1
DA:27,8
DA:41,13
DA:42,12
DA:43,8
LF:15
LH:15
BRDA:14,0,0,1
BRDA:14,0,1,4
BRDA:30,1,0,8
BRDA:30,1,1,5
BRDA:42,2,0,4
BRDA:42,2,1,8
BRF:6
BRH:6
end_of_record
TN:
SF:src\context\DataContext.jsx
FN:9,DataProvider
FN:13,crearUsuario
FN:19,(anonymous_2)
FN:23,crearConsulta
FN:32,(anonymous_4)
FN:36,actualizarEstadoConsulta
FN:37,(anonymous_6)
FN:38,(anonymous_7)
FN:55,useData
FNF:9
FNH:9
FNDA:12,DataProvider
FNDA:1,crearUsuario
FNDA:1,(anonymous_2)
FNDA:4,crearConsulta
FNDA:4,(anonymous_4)
FNDA:1,actualizarEstadoConsulta
FNDA:1,(anonymous_6)
FNDA:1,(anonymous_7)
FNDA:17,useData
DA:3,1
DA:6,1
DA:7,1
DA:10,12
DA:11,12
DA:14,1
DA:19,1
DA:20,1
DA:24,4
DA:32,4
DA:33,4
DA:37,1
DA:38,1
DA:42,12
DA:56,17
DA:57,16
DA:58,12
LF:17
LH:17
BRDA:30,0,0,4
BRDA:30,0,1,1
BRDA:38,1,0,1
BRDA:38,1,1,0
BRDA:57,2,0,4
BRDA:57,2,1,12
BRF:6
BRH:5
end_of_record
TN:
SF:src\pages\admin\AdminDashboard.jsx
FN:8,NuevoUsuarioModal
FN:15,(anonymous_1)
FN:29,(anonymous_2)
FN:30,(anonymous_3)
FN:31,(anonymous_4)
FN:32,(anonymous_5)
FN:34,(anonymous_6)
FN:35,(anonymous_7)
FN:37,(anonymous_8)
FN:52,AdminUsuariosDashboard
FN:57,(anonymous_10)
FN:59,(anonymous_11)
FN:72,(anonymous_12)
FN:82,(anonymous_13)
FN:83,(anonymous_14)
FN:84,(anonymous_15)
FN:89,(anonymous_16)
FN:94,(anonymous_17)
FN:119,(anonymous_18)
FNF:19
FNH:13
FNDA:16,NuevoUsuarioModal
FNDA:1,(anonymous_1)
FNDA:12,(anonymous_2)
FNDA:0,(anonymous_3)
FNDA:0,(anonymous_4)
FNDA:0,(anonymous_5)
FNDA:0,(anonymous_6)
FNDA:0,(anonymous_7)
FNDA:0,(anonymous_8)
FNDA:18,AdminUsuariosDashboard
FNDA:7,(anonymous_10)
FNDA:8,(anonymous_11)
FNDA:1,(anonymous_12)
FNDA:44,(anonymous_13)
FNDA:44,(anonymous_14)
FNDA:44,(anonymous_15)
FNDA:1,(anonymous_16)
FNDA:3,(anonymous_17)
FNDA:44,(anonymous_18)
DA:9,16
DA:13,16
DA:15,16
DA:16,1
DA:17,1
DA:18,1
DA:19,1
DA:22,16
DA:24,16
DA:29,12
DA:30,0
DA:31,0
DA:32,0
DA:34,0
DA:35,0
DA:37,0
DA:53,18
DA:54,18
DA:55,18
DA:57,18
DA:59,18
DA:60,8
DA:61,8
DA:62,8
DA:63,8
DA:64,8
DA:66,0
DA:68,8
DA:72,18
DA:73,1
DA:74,1
DA:75,1
DA:76,1
DA:77,0
DA:80,18
DA:82,44
DA:83,44
DA:84,44
DA:87,18
DA:89,1
DA:94,3
DA:120,44
LF:42
LH:34
BRDA:44,0,0,1
BRDA:44,0,1,15
BRDA:64,1,0,8
BRDA:64,1,1,0
BRDA:89,2,0,18
BRDA:89,2,1,3
BRDA:105,3,0,7
BRDA:105,3,1,11
BRF:8
BRH:7
end_of_record
TN:
SF:src\pages\admin\AdminUsuarios.jsx
FN:6,AdminUsuariosLogin
FN:13,handleSubmit
FN:83,(anonymous_2)
FN:83,(anonymous_3)
FN:103,(anonymous_4)
FN:103,(anonymous_5)
FNF:6
FNH:6
FNDA:64,AdminUsuariosLogin
FNDA:3,handleSubmit
FNDA:32,(anonymous_2)
FNDA:32,(anonymous_3)
FNDA:22,(anonymous_4)
FNDA:22,(anonymous_5)
DA:7,64
DA:8,64
DA:9,64
DA:10,64
DA:11,64
DA:14,3
DA:15,3
DA:16,3
DA:17,3
DA:18,3
DA:19,2
DA:21,2
DA:23,2
DA:24,2
DA:27,1
DA:29,3
DA:33,64
DA:83,32
DA:103,22
LF:19
LH:19
BRDA:24,0,0,2
BRDA:24,0,1,0
BRDA:27,1,0,1
BRDA:27,1,1,0
BRDA:116,2,0,64
BRDA:116,2,1,1
BRDA:128,3,0,3
BRDA:128,3,1,61
BRDA:130,4,0,3
BRDA:130,4,1,61
BRDA:133,5,0,3
BRDA:133,5,1,61
BRF:12
BRH:10
end_of_record
TN:
SF:src\pages\auth\LoginPage.jsx
FN:6,LoginPage
FN:13,handleSubmit
FN:115,(anonymous_2)
FN:115,(anonymous_3)
FN:136,(anonymous_4)
FN:136,(anonymous_5)
FNF:6
FNH:6
FNDA:152,LoginPage
FNDA:7,handleSubmit
FNDA:92,(anonymous_2)
FNDA:92,(anonymous_3)
FNDA:41,(anonymous_4)
FNDA:41,(anonymous_5)
DA:7,152
DA:8,152
DA:9,152
DA:10,152
DA:11,152
DA:14,7
DA:15,7
DA:16,7
DA:18,7
DA:19,7
DA:21,7
DA:26,7
DA:27,6
DA:29,6
DA:31,6
DA:32,1
DA:35,5
DA:36,4
DA:39,5
DA:41,5
DA:47,5
DA:48,5
DA:49,5
DA:50,5
DA:52,0
DA:53,0
DA:57,2
DA:58,2
DA:60,7
DA:64,152
DA:115,92
DA:136,41
LF:32
LH:30
BRDA:27,0,0,1
BRDA:27,0,1,5
BRDA:31,1,0,1
BRDA:31,1,1,5
BRDA:31,2,0,6
BRDA:31,2,1,6
BRDA:35,3,0,4
BRDA:35,3,1,1
BRDA:35,4,0,5
BRDA:35,4,1,1
BRDA:36,5,0,4
BRDA:36,5,1,0
BRDA:48,6,0,5
BRDA:48,6,1,0
BRDA:58,7,0,2
BRDA:58,7,1,1
BRDA:58,7,2,0
BRDA:60,8,0,0
BRDA:60,8,1,7
BRDA:150,9,0,152
BRDA:150,9,1,2
BRDA:162,10,0,9
BRDA:162,10,1,143
BRDA:164,11,0,9
BRDA:164,11,1,143
BRDA:167,12,0,9
BRDA:167,12,1,143
BRF:27
BRH:23
end_of_record
TN:
SF:src\pages\home\HomePage.jsx
FN:83,HomePage
FN:88,(anonymous_1)
FN:89,(anonymous_2)
FN:91,(anonymous_3)
FN:124,(anonymous_4)
FN:193,(anonymous_5)
FN:201,(anonymous_6)
FN:202,(anonymous_7)
FN:234,(anonymous_8)
FN:264,(anonymous_9)
FN:270,(anonymous_10)
FN:271,(anonymous_11)
FN:306,(anonymous_12)
FN:359,(anonymous_13)
FN:377,(anonymous_14)
FN:409,(anonymous_15)
FNF:16
FNH:11
FNDA:10,HomePage
FNDA:10,(anonymous_1)
FNDA:0,(anonymous_2)
FNDA:10,(anonymous_3)
FNDA:1,(anonymous_4)
FNDA:1,(anonymous_5)
FNDA:1,(anonymous_6)
FNDA:0,(anonymous_7)
FNDA:40,(anonymous_8)
FNDA:60,(anonymous_9)
FNDA:0,(anonymous_10)
FNDA:0,(anonymous_11)
FNDA:40,(anonymous_12)
FNDA:30,(anonymous_13)
FNDA:1,(anonymous_14)
FNDA:0,(anonymous_15)
DA:5,1
DA:12,1
DA:75,1
DA:84,10
DA:85,10
DA:86,10
DA:88,10
DA:89,10
DA:90,10
DA:91,10
DA:94,10
DA:124,1
DA:193,1
DA:201,1
DA:202,0
DA:235,40
DA:265,60
DA:270,0
DA:271,0
DA:307,40
DA:360,30
DA:377,1
DA:409,0
LF:23
LH:19
BRDA:102,0,0,0
BRDA:102,0,1,10
BRDA:103,1,0,0
BRDA:103,1,1,10
BRDA:104,2,0,0
BRDA:104,2,1,10
BRDA:118,3,0,0
BRDA:118,3,1,10
BRDA:127,4,0,0
BRDA:127,4,1,10
BRDA:128,5,0,0
BRDA:128,5,1,10
BRDA:237,6,0,30
BRDA:237,6,1,10
BRDA:309,7,0,40
BRDA:309,7,1,30
BRDA:319,8,0,10
BRDA:319,8,1,30
BRDA:320,9,0,10
BRDA:320,9,1,30
BRDA:323,10,0,10
BRDA:323,10,1,30
BRF:22
BRH:16
end_of_record
TN:
SF:src\pages\medico\MedicoDashboard.jsx
FN:33,NuevaConsultaModal
FN:38,set
FN:39,(anonymous_2)
FN:40,(anonymous_3)
FN:43,validate
FN:52,handleSubmit
FN:62,(anonymous_6)
FN:105,(anonymous_7)
FN:113,(anonymous_8)
FN:115,(anonymous_9)
FN:124,(anonymous_10)
FN:131,(anonymous_11)
FN:136,(anonymous_12)
FN:159,CancelarConsultaModal
FN:163,handleSubmit
FN:192,(anonymous_15)
FN:215,MedicoDashboard
FN:232,(anonymous_17)
FN:236,(anonymous_18)
FN:264,(anonymous_19)
FN:275,(anonymous_20)
FN:285,(anonymous_21)
FN:309,(anonymous_22)
FN:313,(anonymous_23)
FN:322,(anonymous_24)
FN:329,(anonymous_25)
FN:337,(anonymous_26)
FN:363,(anonymous_27)
FN:369,(anonymous_28)
FN:372,(anonymous_29)
FN:400,(anonymous_30)
FN:415,(anonymous_31)
FN:424,(anonymous_32)
FN:425,(anonymous_33)
FNF:34
FNH:34
FNDA:37,NuevaConsultaModal
FNDA:33,set
FNDA:33,(anonymous_2)
FNDA:33,(anonymous_3)
FNDA:2,validate
FNDA:2,handleSubmit
FNDA:111,(anonymous_6)
FNDA:12,(anonymous_7)
FNDA:1,(anonymous_8)
FNDA:444,(anonymous_9)
FNDA:19,(anonymous_10)
FNDA:111,(anonymous_11)
FNDA:1,(anonymous_12)
FNDA:28,CancelarConsultaModal
FNDA:2,handleSubmit
FNDA:25,(anonymous_15)
FNDA:34,MedicoDashboard
FNDA:10,(anonymous_17)
FNDA:13,(anonymous_18)
FNDA:1,(anonymous_19)
FNDA:1,(anonymous_20)
FNDA:1,(anonymous_21)
FNDA:45,(anonymous_22)
FNDA:47,(anonymous_23)
FNDA:1,(anonymous_24)
FNDA:1,(anonymous_25)
FNDA:2,(anonymous_26)
FNDA:154,(anonymous_27)
FNDA:41,(anonymous_28)
FNDA:3,(anonymous_29)
FNDA:12,(anonymous_30)
FNDA:30,(anonymous_31)
FNDA:1,(anonymous_32)
FNDA:2,(anonymous_33)
DA:11,1
DA:19,1
DA:25,1
DA:27,1
DA:34,37
DA:35,37
DA:36,37
DA:39,33
DA:40,33
DA:44,2
DA:45,2
DA:46,2
DA:47,2
DA:48,2
DA:49,2
DA:53,2
DA:54,2
DA:55,2
DA:56,1
DA:57,1
DA:58,1
DA:59,1
DA:62,111
DA:70,37
DA:105,12
DA:113,1
DA:115,444
DA:124,19
DA:132,111
DA:133,111
DA:134,111
DA:135,111
DA:136,1
DA:160,28
DA:161,28
DA:164,2
DA:165,2
DA:166,1
DA:167,1
DA:169,1
DA:170,1
DA:173,28
DA:192,25
DA:216,34
DA:217,34
DA:218,34
DA:220,34
DA:221,34
DA:222,34
DA:223,34
DA:225,34
DA:232,34
DA:233,10
DA:236,34
DA:237,13
DA:238,13
DA:239,13
DA:241,13
DA:246,12
DA:247,12
DA:248,0
DA:249,0
DA:251,0
DA:254,12
DA:257,1
DA:258,1
DA:260,13
DA:264,34
DA:265,1
DA:266,1
DA:267,1
DA:268,1
DA:270,0
DA:271,0
DA:275,34
DA:276,1
DA:277,1
DA:278,1
DA:279,1
DA:281,0
DA:285,34
DA:286,1
DA:287,1
DA:289,1
DA:296,1
DA:298,1
DA:299,1
DA:300,1
DA:302,0
DA:303,0
DA:305,1
DA:309,34
DA:310,45
DA:313,34
DA:314,47
DA:315,46
DA:318,34
DA:322,1
DA:329,1
DA:337,2
DA:364,154
DA:370,41
DA:372,3
DA:400,12
DA:416,30
DA:424,1
DA:425,2
LF:107
LH:99
BRDA:45,0,0,1
BRDA:45,0,1,1
BRDA:46,1,0,1
BRDA:46,1,1,1
BRDA:47,2,0,1
BRDA:47,2,1,1
BRDA:48,3,0,1
BRDA:48,3,1,1
BRDA:55,4,0,1
BRDA:55,4,1,1
BRDA:64,5,0,3
BRDA:64,5,1,108
BRDA:106,6,0,37
BRDA:106,6,1,1
BRDA:117,7,0,37
BRDA:117,7,1,1
BRDA:125,8,0,37
BRDA:125,8,1,1
BRDA:136,9,0,2
BRDA:136,9,1,109
BRDA:136,10,0,2
BRDA:136,10,1,109
BRDA:136,11,0,2
BRDA:136,11,1,109
BRDA:136,12,0,2
BRDA:136,12,1,109
BRDA:137,13,0,2
BRDA:137,13,1,109
BRDA:143,14,0,37
BRDA:143,14,1,1
BRDA:148,15,0,1
BRDA:148,15,1,36
BRDA:148,16,0,1
BRDA:148,16,1,36
BRDA:149,17,0,1
BRDA:149,17,1,36
BRDA:165,18,0,1
BRDA:165,18,1,1
BRDA:197,19,0,1
BRDA:197,19,1,27
BRDA:202,20,0,28
BRDA:202,20,1,1
BRDA:246,21,0,12
BRDA:246,21,1,0
BRDA:246,22,0,12
BRDA:246,22,1,12
BRDA:248,23,0,0
BRDA:248,23,1,0
BRDA:254,24,0,12
BRDA:254,24,1,0
BRDA:310,25,0,45
BRDA:310,25,1,4
BRDA:314,26,0,1
BRDA:314,26,1,46
BRDA:320,27,0,34
BRDA:320,27,1,2
BRDA:327,28,0,34
BRDA:327,28,1,2
BRDA:347,29,0,6
BRDA:347,29,1,28
BRDA:350,30,0,1
BRDA:350,30,1,33
BRDA:352,31,0,11
BRDA:352,31,1,22
BRDA:357,32,0,0
BRDA:357,32,1,22
BRDA:372,33,0,0
BRDA:372,33,1,3
BRDA:373,34,0,5
BRDA:373,34,1,36
BRDA:376,35,0,41
BRDA:376,35,1,0
BRDA:377,36,0,41
BRDA:377,36,1,0
BRDA:385,37,0,41
BRDA:385,37,1,0
BRDA:386,38,0,41
BRDA:386,38,1,0
BRDA:395,39,0,34
BRDA:395,39,1,6
BRDA:399,40,0,6
BRDA:399,40,1,0
BRDA:403,41,0,6
BRDA:403,41,1,0
BRDA:405,42,0,6
BRDA:405,42,1,6
BRDA:413,43,0,6
BRDA:413,43,1,0
BRDA:414,44,0,6
BRDA:414,44,1,0
BRF:90
BRH:76
end_of_record
TN:
SF:src\pages\paciente\PacientePortal.jsx
FN:8,ProgressBar
FN:17,PacientePortal
FN:24,(anonymous_2)
FN:32,(anonymous_3)
FN:102,(anonymous_4)
FNF:5
FNH:5
FNDA:4,ProgressBar
FNDA:15,PacientePortal
FNDA:8,(anonymous_2)
FNDA:7,(anonymous_3)
FNDA:8,(anonymous_4)
DA:9,4
DA:10,4
DA:18,15
DA:19,15
DA:20,15
DA:21,15
DA:24,15
DA:25,8
DA:26,7
DA:28,1
DA:32,15
DA:33,7
DA:34,7
DA:35,7
DA:36,7
DA:38,7
DA:39,6
DA:42,6
DA:44,6
DA:46,3
DA:47,3
DA:49,0
DA:50,3
DA:52,1
DA:53,2
DA:55,0
DA:56,2
DA:58,1
DA:61,6
DA:62,5
DA:63,5
DA:65,1
DA:66,1
DA:70,1
DA:71,1
DA:73,7
DA:77,15
DA:103,8
LF:38
LH:36
BRDA:8,0,0,4
BRDA:25,1,0,7
BRDA:25,1,1,1
BRDA:44,2,0,3
BRDA:44,2,1,3
BRDA:47,3,0,0
BRDA:47,3,1,3
BRDA:47,4,0,3
BRDA:47,4,1,3
BRDA:50,5,0,1
BRDA:50,5,1,2
BRDA:50,6,0,3
BRDA:50,6,1,3
BRDA:50,6,2,2
BRDA:53,7,0,0
BRDA:53,7,1,2
BRDA:53,8,0,2
BRDA:53,8,1,2
BRDA:53,8,2,1
BRDA:56,9,0,1
BRDA:56,9,1,1
BRDA:56,10,0,2
BRDA:56,10,1,2
BRDA:56,10,2,1
BRDA:56,10,3,1
BRDA:61,11,0,5
BRDA:61,11,1,1
BRDA:81,12,0,15
BRDA:81,12,1,2
BRDA:89,13,0,8
BRDA:89,13,1,7
BRDA:91,14,0,1
BRDA:91,14,1,6
BRDA:93,15,0,2
BRDA:93,15,1,4
BRDA:111,16,0,8
BRDA:111,16,1,0
BRDA:117,17,0,8
BRDA:117,17,1,0
BRDA:122,18,0,8
BRDA:122,18,1,0
BRDA:128,19,0,8
BRDA:128,19,1,8
BRDA:128,19,2,4
BRF:44
BRH:39
end_of_record
TN:
SF:src\router\Guards.jsx
FN:4,PrivateRoute
FN:16,PublicOnly
FNF:2
FNH:2
FNDA:3,PrivateRoute
FNDA:4,PublicOnly
DA:5,3
DA:7,3
DA:9,2
DA:10,1
DA:13,1
DA:17,4
DA:18,4
DA:20,3
DA:25,3
LF:9
LH:9
BRDA:7,0,0,1
BRDA:7,0,1,2
BRDA:9,1,0,1
BRDA:9,1,1,1
BRDA:9,2,0,2
BRDA:9,2,1,2
BRDA:18,3,0,1
BRDA:18,3,1,3
BRDA:25,4,0,3
BRDA:25,4,1,0
BRF:10
BRH:9
end_of_record
TN:
SF:src\services\api.js
FN:13,(anonymous_0)
FN:41,(anonymous_1)
FNF:2
FNH:1
FNDA:5,(anonymous_0)
FNDA:0,(anonymous_1)
DA:5,1
DA:13,1
DA:14,5
DA:17,5
DA:20,5
DA:21,4
DA:22,4
DA:23,3
DA:24,3
DA:25,2
DA:27,1
DA:33,5
DA:34,3
DA:37,2
DA:40,5
DA:42,0
LF:16
LH:15
BRDA:6,0,0,1
BRDA:6,0,1,0
BRDA:20,1,0,4
BRDA:20,1,1,1
BRDA:22,2,0,3
BRDA:22,2,1,1
BRDA:25,3,0,2
BRDA:25,3,1,1
BRDA:33,4,0,3
BRDA:33,4,1,2
BRF:10
BRH:9
end_of_record
TN:
SF:src\services\dashboardService.js
FN:3,(anonymous_0)
FNF:1
FNH:1
FNDA:2,(anonymous_0)
DA:3,1
DA:4,2
DA:9,2
DA:10,1
DA:12,1
DA:13,1
LF:6
LH:6
BRF:0
BRH:0
end_of_record
TN:
SF:src\services\index.js
FN:6,(anonymous_0)
FN:7,(anonymous_1)
FN:8,(anonymous_2)
FN:9,(anonymous_3)
FN:10,(anonymous_4)
FN:11,(anonymous_5)
FN:14,(anonymous_6)
FN:20,(anonymous_7)
FN:21,(anonymous_8)
FN:22,(anonymous_9)
FN:23,(anonymous_10)
FN:24,(anonymous_11)
FN:30,(anonymous_12)
FN:31,(anonymous_13)
FN:36,(anonymous_14)
FN:37,(anonymous_15)
FN:38,(anonymous_16)
FN:46,(anonymous_17)
FN:49,(anonymous_18)
FN:50,(anonymous_19)
FNF:20
FNH:18
FNDA:1,(anonymous_0)
FNDA:1,(anonymous_1)
FNDA:1,(anonymous_2)
FNDA:1,(anonymous_3)
FNDA:1,(anonymous_4)
FNDA:1,(anonymous_5)
FNDA:1,(anonymous_6)
FNDA:1,(anonymous_7)
FNDA:0,(anonymous_8)
FNDA:1,(anonymous_9)
FNDA:1,(anonymous_10)
FNDA:1,(anonymous_11)
FNDA:1,(anonymous_12)
FNDA:1,(anonymous_13)
FNDA:1,(anonymous_14)
FNDA:0,(anonymous_15)
FNDA:1,(anonymous_16)
FNDA:1,(anonymous_17)
FNDA:1,(anonymous_18)
FNDA:1,(anonymous_19)
DA:4,1
DA:6,1
DA:7,1
DA:8,1
DA:9,1
DA:10,1
DA:11,1
DA:14,1
DA:18,1
DA:20,1
DA:21,0
DA:22,1
DA:23,1
DA:24,1
DA:28,1
DA:30,1
DA:31,1
DA:34,1
DA:36,1
DA:37,0
DA:38,1
DA:42,1
DA:46,1
DA:49,1
DA:50,1
LF:25
LH:23
BRF:0
BRH:0
end_of_record
TN:
SF:src\services\listaEsperaService.js
FN:8,(anonymous_0)
FN:11,(anonymous_1)
FN:14,(anonymous_2)
FN:17,(anonymous_3)
FNF:4
FNH:4
FNDA:1,(anonymous_0)
FNDA:1,(anonymous_1)
FNDA:1,(anonymous_2)
FNDA:1,(anonymous_3)
DA:3,1
DA:8,1
DA:11,1
DA:14,1
DA:17,1
LF:5
LH:5
BRF:0
BRH:0
end_of_record
TN:
SF:src\services\pacienteService.js
FN:3,(anonymous_0)
FNF:1
FNH:1
FNDA:2,(anonymous_0)
DA:3,1
DA:4,2
DA:9,2
DA:10,1
DA:12,1
DA:13,1
LF:6
LH:6
BRF:0
BRH:0
end_of_record
TN:
SF:src\services\usuarioService.js
FN:7,(anonymous_0)
FN:11,(anonymous_1)
FNF:2
FNH:2
FNDA:1,(anonymous_0)
FNDA:1,(anonymous_1)
DA:3,1
DA:7,1
DA:11,1
LF:3
LH:3
BRF:0
BRH:0
end_of_record
